<?xml version="1.0" encoding="UTF-8"?>
<TestRun id="f7eb5336-957e-4b2a-896c-059de2d6237f" name="jkieffer@OMS 2013-03-25 16:43:18" runUser="CLINMIRA\jkieffer" xmlns="http://microsoft.com/schemas/VisualStudio/TeamTest/2010">
  <TestSettings name="Local" id="1b8b4ad3-d1bf-413d-ba0c-5696d69d5d98">
    <Description>Esta es la configuración de pruebas predeterminada para una ejecución de pruebas local.</Description>
    <Deployment enabled="false" runDeploymentRoot="jkieffer_OMS 2013-03-25 16_43_18" />
    <Execution>
      <TestTypeSpecific />
      <AgentRule name="Execution Agents">
      </AgentRule>
    </Execution>
  </TestSettings>
  <Times creation="2013-03-25T16:43:18.0424473-05:00" queuing="2013-03-25T16:43:23.4317556-05:00" start="2013-03-25T16:43:23.6237665-05:00" finish="2013-03-25T16:43:24.8028340-05:00" />
  <ResultSummary outcome="Failed">
    <Counters total="1" executed="1" error="0" failed="1" timeout="0" aborted="0" inconclusive="0" passedButRunAborted="0" notRunnable="0" notExecuted="0" disconnected="0" warning="0" passed="0" completed="0" inProgress="0" pending="0" />
  </ResultSummary>
  <TestDefinitions>
    <UnitTest name="Listado_Telefonos_de_cliente" storage="d:\_karlos\personal\work_upc\repositorio_dsd\wscobranzasoft\fuente_dsd\webapplication1\testwscobranzas\bin\debug\testwscobranzas.dll" id="f658dc81-2e00-3c73-5151-c48548e91307">
      <Execution id="ef4b5fbe-1f09-48db-b455-1aa5e1c4e5f6" />
      <TestMethod codeBase="D:/_Karlos/Personal/Work_UPC/Repositorio_DSD/wscobranzasoft/Fuente_DSD/WebApplication1/TestWScobranzas/bin/Debug/TestWScobranzas.DLL" adapterTypeName="Microsoft.VisualStudio.TestTools.TestTypes.Unit.UnitTestAdapter, Microsoft.VisualStudio.QualityTools.Tips.UnitTest.Adapter, Version=10.0.0.0, Culture=neutral, PublicKeyToken=b03f5f7f11d50a3a" className="TestWScobranzas.UnitTest1, TestWScobranzas, Version=1.0.0.0, Culture=neutral, PublicKeyToken=null" name="Listado_Telefonos_de_cliente" />
    </UnitTest>
  </TestDefinitions>
  <TestLists>
    <TestList name="Resultados que no están en la lista" id="8c84fa94-04c1-424b-9868-57a2d4851a1d" />
    <TestList name="Todos los resultados cargados" id="19431567-8539-422a-85d7-44ee4e166bda" />
  </TestLists>
  <TestEntries>
    <TestEntry testId="f658dc81-2e00-3c73-5151-c48548e91307" executionId="ef4b5fbe-1f09-48db-b455-1aa5e1c4e5f6" testListId="8c84fa94-04c1-424b-9868-57a2d4851a1d" />
  </TestEntries>
  <Results>
    <UnitTestResult executionId="ef4b5fbe-1f09-48db-b455-1aa5e1c4e5f6" testId="f658dc81-2e00-3c73-5151-c48548e91307" testName="Listado_Telefonos_de_cliente" computerName="OMS" duration="00:00:00.8002385" startTime="2013-03-25T16:43:23.6457678-05:00" endTime="2013-03-25T16:43:24.7348301-05:00" testType="13cdc9d9-ddb5-4fa4-a97d-d965ccfc6d4b" outcome="Failed" testListId="8c84fa94-04c1-424b-9868-57a2d4851a1d" relativeResultsDirectory="ef4b5fbe-1f09-48db-b455-1aa5e1c4e5f6">
      <Output>
        <ErrorInfo>
          <Message>Error de Assert.AreEqual. Se esperaba &lt;1&gt;, pero es &lt;3&gt;. </Message>
          <StackTrace>   en TestWScobranzas.UnitTest1.Listado_Telefonos_de_cliente() en D:\_Karlos\Personal\Work_UPC\Repositorio_DSD\wscobranzasoft\Fuente_DSD\WebApplication1\TestWScobranzas\UnitTest1.cs:línea 61
</StackTrace>
        </ErrorInfo>
      </Output>
    </UnitTestResult>
  </Results>
</TestRun>