<?xml version="1.0" encoding="UTF-8"?>
<TestRun id="20e302c7-8b23-4409-a0a8-a4ffa591f0c4" name="jkieffer@OMS 2013-03-25 16:49:14" runUser="CLINMIRA\jkieffer" xmlns="http://microsoft.com/schemas/VisualStudio/TeamTest/2010">
  <TestSettings name="Local" id="1b8b4ad3-d1bf-413d-ba0c-5696d69d5d98">
    <Description>Esta es la configuración de pruebas predeterminada para una ejecución de pruebas local.</Description>
    <Deployment enabled="false" runDeploymentRoot="jkieffer_OMS 2013-03-25 16_49_14" />
    <Execution>
      <TestTypeSpecific />
      <AgentRule name="Execution Agents">
      </AgentRule>
    </Execution>
  </TestSettings>
  <Times creation="2013-03-25T16:49:14.4658336-05:00" queuing="2013-03-25T16:49:14.4988354-05:00" start="2013-03-25T16:49:14.5028357-05:00" finish="2013-03-25T16:49:14.7228483-05:00" />
  <ResultSummary outcome="Completed">
    <Counters total="1" executed="1" passed="1" error="0" failed="0" timeout="0" aborted="0" inconclusive="0" passedButRunAborted="0" notRunnable="0" notExecuted="0" disconnected="0" warning="0" completed="0" inProgress="0" pending="0" />
  </ResultSummary>
  <TestDefinitions>
    <UnitTest name="llamadas_realizadas_sin_Datos" storage="d:\_karlos\personal\work_upc\repositorio_dsd\wscobranzasoft\fuente_dsd\webapplication1\testwscobranzas\bin\debug\testwscobranzas.dll" id="82dda85b-e0a7-58fc-0d38-267ba4c1f90d">
      <Execution id="ac994bd7-17ba-4b9d-bbfc-9750372a9c89" />
      <TestMethod codeBase="D:/_Karlos/Personal/Work_UPC/Repositorio_DSD/wscobranzasoft/Fuente_DSD/WebApplication1/TestWScobranzas/bin/Debug/TestWScobranzas.DLL" adapterTypeName="Microsoft.VisualStudio.TestTools.TestTypes.Unit.UnitTestAdapter, Microsoft.VisualStudio.QualityTools.Tips.UnitTest.Adapter, Version=10.0.0.0, Culture=neutral, PublicKeyToken=b03f5f7f11d50a3a" className="TestWScobranzas.UnitTest1, TestWScobranzas, Version=1.0.0.0, Culture=neutral, PublicKeyToken=null" name="llamadas_realizadas_sin_Datos" />
    </UnitTest>
  </TestDefinitions>
  <TestLists>
    <TestList name="Resultados que no están en la lista" id="8c84fa94-04c1-424b-9868-57a2d4851a1d" />
    <TestList name="Todos los resultados cargados" id="19431567-8539-422a-85d7-44ee4e166bda" />
  </TestLists>
  <TestEntries>
    <TestEntry testId="82dda85b-e0a7-58fc-0d38-267ba4c1f90d" executionId="ac994bd7-17ba-4b9d-bbfc-9750372a9c89" testListId="8c84fa94-04c1-424b-9868-57a2d4851a1d" />
  </TestEntries>
  <Results>
    <UnitTestResult executionId="ac994bd7-17ba-4b9d-bbfc-9750372a9c89" testId="82dda85b-e0a7-58fc-0d38-267ba4c1f90d" testName="llamadas_realizadas_sin_Datos" computerName="OMS" duration="00:00:00.0638164" startTime="2013-03-25T16:49:14.5048358-05:00" endTime="2013-03-25T16:49:14.7118476-05:00" testType="13cdc9d9-ddb5-4fa4-a97d-d965ccfc6d4b" outcome="Passed" testListId="8c84fa94-04c1-424b-9868-57a2d4851a1d" relativeResultsDirectory="ac994bd7-17ba-4b9d-bbfc-9750372a9c89">
    </UnitTestResult>
  </Results>
</TestRun>